<?xml version="1.0" encoding="UTF-8"?>
<testsuite name="com.example.myservice.MyserviceApplicationTests" tests="1" skipped="0" failures="0" errors="0" timestamp="2024-04-17T14:39:57" hostname="DESKTOP-ICOP7AI" time="1.077">
  <properties/>
  <testcase name="contextLoads()" classname="com.example.myservice.MyserviceApplicationTests" time="1.077"/>
  <system-out><![CDATA[16:39:53.456 [Test worker] DEBUG org.springframework.boot.test.context.SpringBootTestContextBootstrapper - Neither @ContextConfiguration nor @ContextHierarchy found for test class [MyserviceApplicationTests]: using SpringBootContextLoader
16:39:53.473 [Test worker] DEBUG org.springframework.test.context.support.AbstractContextLoader - Could not detect default resource locations for test class [com.example.myservice.MyserviceApplicationTests]: no resource found for suffixes {-context.xml, Context.groovy}.
16:39:53.475 [Test worker] INFO org.springframework.test.context.support.AnnotationConfigContextLoaderUtils - Could not detect default configuration classes for test class [com.example.myservice.MyserviceApplicationTests]: MyserviceApplicationTests does not declare any static, non-private, non-final, nested classes annotated with @Configuration.
16:39:53.560 [Test worker] DEBUG org.springframework.boot.test.context.SpringBootTestContextBootstrapper - Using ContextCustomizers for test class [MyserviceApplicationTests]: [DisableObservabilityContextCustomizer, PropertyMappingContextCustomizer, Customizer, ExcludeFilterContextCustomizer, DuplicateJsonObjectContextCustomizer, MockitoContextCustomizer, TestRestTemplateContextCustomizer]
16:39:53.746 [Test worker] DEBUG org.springframework.context.annotation.ClassPathScanningCandidateComponentProvider - Identified candidate component class: file [C:\Users\zy115\Downloads\kubernetes-minikube-main1\MyService\build\classes\java\main\com\example\myservice\MyServiceApplication.class]
16:39:53.777 [Test worker] INFO org.springframework.boot.test.context.SpringBootTestContextBootstrapper - Found @SpringBootConfiguration com.example.myservice.MyServiceApplication for test class com.example.myservice.MyserviceApplicationTests
16:39:54.017 [Test worker] DEBUG org.springframework.test.context.util.TestContextSpringFactoriesUtils - Skipping candidate TestExecutionListener [org.springframework.test.context.transaction.TransactionalTestExecutionListener] due to a missing dependency. Specify custom TestExecutionListener classes or make the default TestExecutionListener classes and their required dependencies available. Offending class: [org/springframework/transaction/interceptor/TransactionAttributeSource]
16:39:54.021 [Test worker] DEBUG org.springframework.test.context.util.TestContextSpringFactoriesUtils - Skipping candidate TestExecutionListener [org.springframework.test.context.jdbc.SqlScriptsTestExecutionListener] due to a missing dependency. Specify custom TestExecutionListener classes or make the default TestExecutionListener classes and their required dependencies available. Offending class: [org/springframework/transaction/interceptor/TransactionAttribute]
16:39:54.024 [Test worker] DEBUG org.springframework.boot.test.context.SpringBootTestContextBootstrapper - Using TestExecutionListeners for test class [MyserviceApplicationTests]: [ServletTestExecutionListener, DirtiesContextBeforeModesTestExecutionListener, ApplicationEventsTestExecutionListener, MockitoTestExecutionListener, DependencyInjectionTestExecutionListener, DirtiesContextTestExecutionListener, EventPublishingTestExecutionListener, RestDocsTestExecutionListener, MockRestServiceServerResetTestExecutionListener, MockMvcPrintOnlyOnFailureTestExecutionListener, WebDriverTestExecutionListener, MockWebServiceServerTestExecutionListener, ResetMocksTestExecutionListener]
16:39:54.030 [Test worker] DEBUG org.springframework.test.context.support.AbstractDirtiesContextTestExecutionListener - Before test class: class [MyserviceApplicationTests], class annotated with @DirtiesContext [false] with mode [null]

  .   ____          _            __ _ _
 /\\ / ___'_ __ _ _(_)_ __  __ _ \ \ \ \
( ( )\___ | '_ | '_| | '_ \/ _` | \ \ \ \
 \\/  ___)| |_)| | | | | || (_| |  ) ) ) )
  '  |____| .__|_| |_|_| |_\__, | / / / /
 =========|_|==============|___/=/_/_/_/
 :: Spring Boot ::                (v3.0.0)

2024-04-17T16:39:54.678+02:00  INFO 25404 --- [    Test worker] c.e.myservice.MyserviceApplicationTests  : Starting MyserviceApplicationTests using Java 17.0.10 with PID 25404 (started by zy115 in C:\Users\zy115\Downloads\kubernetes-minikube-main1\MyService)
2024-04-17T16:39:54.688+02:00  INFO 25404 --- [    Test worker] c.e.myservice.MyserviceApplicationTests  : No active profile set, falling back to 1 default profile: "default"
2024-04-17T16:39:57.111+02:00  INFO 25404 --- [    Test worker] c.e.myservice.MyserviceApplicationTests  : Started MyserviceApplicationTests in 2.967 seconds (process running for 5.684)
]]></system-out>
  <system-err><![CDATA[]]></system-err>
</testsuite>
